QuitApp.scpt: execution error: Terminal got an error: User canceled. (-128)
QuitApp.scpt: execution error: Terminal got an error: User canceled. (-128)
QuitApp.scpt: execution error: Messages got an error: User canceled. (-128)
QuitApp.scpt: execution error: Messages got an error: User canceled. (-128)
QuitApp.scpt: execution error: Messages got an error: User canceled. (-128)
QuitApp.scpt: execution error: Messages got an error: User canceled. (-128)
QuitApp.scpt: execution error: Messages got an error: User canceled. (-128)
QuitApp.scpt: execution error: Messages got an error: User canceled. (-128)
QuitApp.scpt: execution error: Terminal got an error: User canceled. (-128)
QuitApp.scpt: execution error: Can’t get application "Cot Editor". (-1728)
QuitApp.scpt: execution error: System Events got an error: Application isn’t running. (-600)
QuitApp.scpt: execution error: Messages got an error: User canceled. (-128)
QuitApp.scpt: execution error: Can’t get application "Unity". (-1728)
QuitApp.scpt: execution error: Can’t get application "Unity". (-1728)
QuitApp.scpt: execution error: Can’t get application "Rider". (-1728)
QuitApp.scpt: execution error: Can’t get application "Rider". (-1728)
QuitApp.scpt: execution error: Can’t get application "PyCharm Professional Edition". (-1728)
QuitApp.scpt: execution error: Can’t get application "Rider". (-1728)
QuitApp.scpt: execution error: Can’t get application "MessagesScript Editor". (-1728)
QuitApp.scpt: execution error: Pixelmator Pro got an error: User canceled. (-128)
QuitApp.scpt: execution error: Pixelmator Pro got an error: User canceled. (-128)
