1127_1446: Telegram
1127_1447: Telegram
1127_1447: Telegram
1127_2058: Visual Studio Code
1127_2202: Visual Studio Code
1127_2228: Script Editor
1127_2248: Script Editor
1128_0928: Messages
1128_0928: Messages
1128_0928: Messages
1128_1657: Pixelmator Pro
1129_0834: Xcode
1130_1215: Messages
1130_1414: Messages
1130_1527: Messages
1202_1237: Shortcuts
1203_0848: Messages
1203_0848: Messages
1203_1900: Xcode
1207_0136: Messages
1207_0136: Messages
1208_0340: Automator
1210_1355: Messages
1213_1213: Shortcuts
1216_1650: Shortcuts
1223_1002: Shortcuts
0106_1513: Messages
0106_1515: Shortcuts
0108_1623: Shortcuts
0118_2305: Automator
0220_0017: Messages
0306_1543: Messages
0306_1618: Messages
